<?xml version="1.0" encoding="UTF-8"?>
<testsuite xmlns:xsi="http://www.w3.org/2001/XMLSchema-instance" xsi:noNamespaceSchemaLocation="https://maven.apache.org/surefire/maven-surefire-plugin/xsd/surefire-test-report.xsd" name="io.sentrius.sentrius.analysis.AppTest" time="0" tests="0" errors="0" skipped="0" failures="0">
  <properties>
    <property name="java.specification.version" value="17"/>
    <property name="sun.jnu.encoding" value="UTF-8"/>
    <property name="java.class.path" value="/mnt/ExtraDrive/repos/Sentrius/analyagents/target/test-classes:/mnt/ExtraDrive/repos/Sentrius/analyagents/target/classes:/mnt/ExtraDrive/repos/Sentrius/core/target/sentrius-core-1.0.0-SNAPSHOT.jar:/home/marc/.m2/repository/org/apache/commons/commons-lang3/3.14.0/commons-lang3-3.14.0.jar:/home/marc/.m2/repository/commons-codec/commons-codec/1.17.1/commons-codec-1.17.1.jar:/home/marc/.m2/repository/com/google/guava/guava/33.3.1-jre/guava-33.3.1-jre.jar:/home/marc/.m2/repository/com/google/guava/failureaccess/1.0.2/failureaccess-1.0.2.jar:/home/marc/.m2/repository/com/google/guava/listenablefuture/9999.0-empty-to-avoid-conflict-with-guava/listenablefuture-9999.0-empty-to-avoid-conflict-with-guava.jar:/home/marc/.m2/repository/com/google/code/findbugs/jsr305/3.0.2/jsr305-3.0.2.jar:/home/marc/.m2/repository/org/checkerframework/checker-qual/3.43.0/checker-qual-3.43.0.jar:/home/marc/.m2/repository/com/google/errorprone/error_prone_annotations/2.28.0/error_prone_annotations-2.28.0.jar:/home/marc/.m2/repository/com/google/j2objc/j2objc-annotations/3.0.0/j2objc-annotations-3.0.0.jar:/home/marc/.m2/repository/jakarta/persistence/jakarta.persistence-api/3.1.0/jakarta.persistence-api-3.1.0.jar:/home/marc/.m2/repository/org/springframework/boot/spring-boot-starter-data-jpa/3.3.5/spring-boot-starter-data-jpa-3.3.5.jar:/home/marc/.m2/repository/org/springframework/boot/spring-boot-starter-aop/3.3.5/spring-boot-starter-aop-3.3.5.jar:/home/marc/.m2/repository/org/aspectj/aspectjweaver/1.9.22.1/aspectjweaver-1.9.22.1.jar:/home/marc/.m2/repository/org/springframework/boot/spring-boot-starter-jdbc/3.3.5/spring-boot-starter-jdbc-3.3.5.jar:/home/marc/.m2/repository/com/zaxxer/HikariCP/5.1.0/HikariCP-5.1.0.jar:/home/marc/.m2/repository/org/springframework/spring-jdbc/6.1.14/spring-jdbc-6.1.14.jar:/home/marc/.m2/repository/org/hibernate/orm/hibernate-core/6.5.3.Final/hibernate-core-6.5.3.Final.jar:/home/marc/.m2/repository/jakarta/transaction/jakarta.transaction-api/2.0.1/jakarta.transaction-api-2.0.1.jar:/home/marc/.m2/repository/org/jboss/logging/jboss-logging/3.5.3.Final/jboss-logging-3.5.3.Final.jar:/home/marc/.m2/repository/org/hibernate/common/hibernate-commons-annotations/6.0.6.Final/hibernate-commons-annotations-6.0.6.Final.jar:/home/marc/.m2/repository/io/smallrye/jandex/3.1.2/jandex-3.1.2.jar:/home/marc/.m2/repository/com/fasterxml/classmate/1.7.0/classmate-1.7.0.jar:/home/marc/.m2/repository/net/bytebuddy/byte-buddy/1.14.19/byte-buddy-1.14.19.jar:/home/marc/.m2/repository/org/glassfish/jaxb/jaxb-runtime/4.0.5/jaxb-runtime-4.0.5.jar:/home/marc/.m2/repository/jakarta/inject/jakarta.inject-api/2.0.1/jakarta.inject-api-2.0.1.jar:/home/marc/.m2/repository/org/antlr/antlr4-runtime/4.13.0/antlr4-runtime-4.13.0.jar:/home/marc/.m2/repository/org/springframework/data/spring-data-jpa/3.3.5/spring-data-jpa-3.3.5.jar:/home/marc/.m2/repository/org/springframework/data/spring-data-commons/3.3.5/spring-data-commons-3.3.5.jar:/home/marc/.m2/repository/org/springframework/spring-orm/6.1.14/spring-orm-6.1.14.jar:/home/marc/.m2/repository/org/springframework/spring-context/6.1.14/spring-context-6.1.14.jar:/home/marc/.m2/repository/org/springframework/spring-tx/6.1.14/spring-tx-6.1.14.jar:/home/marc/.m2/repository/org/springframework/spring-beans/6.1.14/spring-beans-6.1.14.jar:/home/marc/.m2/repository/org/springframework/spring-core/6.1.14/spring-core-6.1.14.jar:/home/marc/.m2/repository/org/springframework/spring-jcl/6.1.14/spring-jcl-6.1.14.jar:/home/marc/.m2/repository/jakarta/annotation/jakarta.annotation-api/2.1.1/jakarta.annotation-api-2.1.1.jar:/home/marc/.m2/repository/org/springframework/spring-aspects/6.1.14/spring-aspects-6.1.14.jar:/home/marc/.m2/repository/org/springframework/boot/spring-boot-starter-web/3.3.5/spring-boot-starter-web-3.3.5.jar:/home/marc/.m2/repository/org/springframework/boot/spring-boot-starter/3.3.5/spring-boot-starter-3.3.5.jar:/home/marc/.m2/repository/org/springframework/boot/spring-boot/3.3.5/spring-boot-3.3.5.jar:/home/marc/.m2/repository/org/springframework/boot/spring-boot-autoconfigure/3.3.5/spring-boot-autoconfigure-3.3.5.jar:/home/marc/.m2/repository/org/springframework/boot/spring-boot-starter-logging/3.3.5/spring-boot-starter-logging-3.3.5.jar:/home/marc/.m2/repository/ch/qos/logback/logback-classic/1.5.11/logback-classic-1.5.11.jar:/home/marc/.m2/repository/ch/qos/logback/logback-core/1.5.11/logback-core-1.5.11.jar:/home/marc/.m2/repository/org/apache/logging/log4j/log4j-to-slf4j/2.23.1/log4j-to-slf4j-2.23.1.jar:/home/marc/.m2/repository/org/apache/logging/log4j/log4j-api/2.23.1/log4j-api-2.23.1.jar:/home/marc/.m2/repository/org/slf4j/jul-to-slf4j/2.0.16/jul-to-slf4j-2.0.16.jar:/home/marc/.m2/repository/org/springframework/boot/spring-boot-starter-json/3.3.5/spring-boot-starter-json-3.3.5.jar:/home/marc/.m2/repository/com/fasterxml/jackson/datatype/jackson-datatype-jdk8/2.17.2/jackson-datatype-jdk8-2.17.2.jar:/home/marc/.m2/repository/com/fasterxml/jackson/module/jackson-module-parameter-names/2.17.2/jackson-module-parameter-names-2.17.2.jar:/home/marc/.m2/repository/org/springframework/boot/spring-boot-starter-tomcat/3.3.5/spring-boot-starter-tomcat-3.3.5.jar:/home/marc/.m2/repository/org/apache/tomcat/embed/tomcat-embed-core/10.1.31/tomcat-embed-core-10.1.31.jar:/home/marc/.m2/repository/org/apache/tomcat/embed/tomcat-embed-el/10.1.31/tomcat-embed-el-10.1.31.jar:/home/marc/.m2/repository/org/apache/tomcat/embed/tomcat-embed-websocket/10.1.31/tomcat-embed-websocket-10.1.31.jar:/home/marc/.m2/repository/org/springframework/spring-web/6.1.14/spring-web-6.1.14.jar:/home/marc/.m2/repository/org/springframework/spring-webmvc/6.1.14/spring-webmvc-6.1.14.jar:/home/marc/.m2/repository/org/springframework/spring-expression/6.1.14/spring-expression-6.1.14.jar:/home/marc/.m2/repository/org/springframework/boot/spring-boot-starter-actuator/3.3.5/spring-boot-starter-actuator-3.3.5.jar:/home/marc/.m2/repository/org/springframework/boot/spring-boot-actuator-autoconfigure/3.3.5/spring-boot-actuator-autoconfigure-3.3.5.jar:/home/marc/.m2/repository/org/springframework/boot/spring-boot-actuator/3.3.5/spring-boot-actuator-3.3.5.jar:/home/marc/.m2/repository/io/micrometer/micrometer-observation/1.13.6/micrometer-observation-1.13.6.jar:/home/marc/.m2/repository/io/micrometer/micrometer-commons/1.13.6/micrometer-commons-1.13.6.jar:/home/marc/.m2/repository/io/micrometer/micrometer-jakarta9/1.13.6/micrometer-jakarta9-1.13.6.jar:/home/marc/.m2/repository/io/micrometer/micrometer-core/1.13.6/micrometer-core-1.13.6.jar:/home/marc/.m2/repository/org/hdrhistogram/HdrHistogram/2.2.2/HdrHistogram-2.2.2.jar:/home/marc/.m2/repository/org/latencyutils/LatencyUtils/2.0.3/LatencyUtils-2.0.3.jar:/home/marc/.m2/repository/org/springframework/boot/spring-boot-starter-security/3.3.5/spring-boot-starter-security-3.3.5.jar:/home/marc/.m2/repository/org/springframework/spring-aop/6.1.14/spring-aop-6.1.14.jar:/home/marc/.m2/repository/org/springframework/security/spring-security-config/6.3.4/spring-security-config-6.3.4.jar:/home/marc/.m2/repository/org/springframework/security/spring-security-web/6.3.4/spring-security-web-6.3.4.jar:/home/marc/.m2/repository/org/springframework/boot/spring-boot-starter-websocket/3.3.5/spring-boot-starter-websocket-3.3.5.jar:/home/marc/.m2/repository/org/springframework/spring-messaging/6.1.14/spring-messaging-6.1.14.jar:/home/marc/.m2/repository/org/springframework/spring-websocket/6.1.14/spring-websocket-6.1.14.jar:/home/marc/.m2/repository/org/springframework/boot/spring-boot-starter-oauth2-resource-server/3.3.5/spring-boot-starter-oauth2-resource-server-3.3.5.jar:/home/marc/.m2/repository/org/springframework/security/spring-security-core/6.3.4/spring-security-core-6.3.4.jar:/home/marc/.m2/repository/org/springframework/security/spring-security-crypto/6.3.4/spring-security-crypto-6.3.4.jar:/home/marc/.m2/repository/org/springframework/security/spring-security-oauth2-resource-server/6.3.4/spring-security-oauth2-resource-server-6.3.4.jar:/home/marc/.m2/repository/org/springframework/security/spring-security-oauth2-core/6.3.4/spring-security-oauth2-core-6.3.4.jar:/home/marc/.m2/repository/org/springframework/security/spring-security-oauth2-jose/6.3.4/spring-security-oauth2-jose-6.3.4.jar:/home/marc/.m2/repository/com/nimbusds/nimbus-jose-jwt/9.37.3/nimbus-jose-jwt-9.37.3.jar:/home/marc/.m2/repository/com/github/stephenc/jcip/jcip-annotations/1.0-1/jcip-annotations-1.0-1.jar:/home/marc/.m2/repository/org/springframework/boot/spring-boot-starter-oauth2-client/3.3.5/spring-boot-starter-oauth2-client-3.3.5.jar:/home/marc/.m2/repository/org/springframework/security/spring-security-oauth2-client/6.3.4/spring-security-oauth2-client-6.3.4.jar:/home/marc/.m2/repository/com/nimbusds/oauth2-oidc-sdk/9.43.4/oauth2-oidc-sdk-9.43.4.jar:/home/marc/.m2/repository/com/nimbusds/content-type/2.2/content-type-2.2.jar:/home/marc/.m2/repository/net/minidev/json-smart/2.5.1/json-smart-2.5.1.jar:/home/marc/.m2/repository/net/minidev/accessors-smart/2.5.1/accessors-smart-2.5.1.jar:/home/marc/.m2/repository/org/ow2/asm/asm/9.6/asm-9.6.jar:/home/marc/.m2/repository/com/nimbusds/lang-tag/1.7/lang-tag-1.7.jar:/home/marc/.m2/repository/org/springframework/boot/spring-boot-starter-thymeleaf/3.3.5/spring-boot-starter-thymeleaf-3.3.5.jar:/home/marc/.m2/repository/org/thymeleaf/thymeleaf-spring6/3.1.2.RELEASE/thymeleaf-spring6-3.1.2.RELEASE.jar:/home/marc/.m2/repository/org/thymeleaf/thymeleaf/3.1.2.RELEASE/thymeleaf-3.1.2.RELEASE.jar:/home/marc/.m2/repository/org/attoparser/attoparser/2.0.7.RELEASE/attoparser-2.0.7.RELEASE.jar:/home/marc/.m2/repository/org/unbescape/unbescape/1.1.6.RELEASE/unbescape-1.1.6.RELEASE.jar:/home/marc/.m2/repository/io/jsonwebtoken/jjwt-api/0.12.6/jjwt-api-0.12.6.jar:/home/marc/.m2/repository/org/apache/commons/commons-collections4/4.4/commons-collections4-4.4.jar:/home/marc/.m2/repository/com/github/mwiede/jsch/0.2.21/jsch-0.2.21.jar:/home/marc/.m2/repository/org/quartz-scheduler/quartz/2.5.0-rc1/quartz-2.5.0-rc1.jar:/home/marc/.m2/repository/org/slf4j/slf4j-api/2.0.16/slf4j-api-2.0.16.jar:/home/marc/.m2/repository/jakarta/xml/bind/jakarta.xml.bind-api/4.0.2/jakarta.xml.bind-api-4.0.2.jar:/home/marc/.m2/repository/jakarta/activation/jakarta.activation-api/2.1.3/jakarta.activation-api-2.1.3.jar:/home/marc/.m2/repository/com/google/protobuf/protobuf-java/3.21.1/protobuf-java-3.21.1.jar:/home/marc/.m2/repository/com/squareup/okhttp3/okhttp/4.10.0/okhttp-4.10.0.jar:/home/marc/.m2/repository/com/squareup/okio/okio-jvm/3.0.0/okio-jvm-3.0.0.jar:/home/marc/.m2/repository/org/jetbrains/kotlin/kotlin-stdlib-jdk8/1.9.25/kotlin-stdlib-jdk8-1.9.25.jar:/home/marc/.m2/repository/org/jetbrains/kotlin/kotlin-stdlib-jdk7/1.9.25/kotlin-stdlib-jdk7-1.9.25.jar:/home/marc/.m2/repository/org/jetbrains/kotlin/kotlin-stdlib-common/1.9.25/kotlin-stdlib-common-1.9.25.jar:/home/marc/.m2/repository/org/jetbrains/kotlin/kotlin-stdlib/1.9.25/kotlin-stdlib-1.9.25.jar:/home/marc/.m2/repository/org/jetbrains/annotations/13.0/annotations-13.0.jar:/home/marc/.m2/repository/org/apache/httpcomponents/httpclient/4.5.14/httpclient-4.5.14.jar:/home/marc/.m2/repository/org/apache/httpcomponents/httpcore/4.4.16/httpcore-4.4.16.jar:/home/marc/.m2/repository/commons-logging/commons-logging/1.2/commons-logging-1.2.jar:/home/marc/.m2/repository/com/fasterxml/jackson/core/jackson-core/2.18.2/jackson-core-2.18.2.jar:/home/marc/.m2/repository/com/fasterxml/jackson/dataformat/jackson-dataformat-yaml/2.18.2/jackson-dataformat-yaml-2.18.2.jar:/home/marc/.m2/repository/com/fasterxml/jackson/core/jackson-databind/2.17.2/jackson-databind-2.17.2.jar:/home/marc/.m2/repository/com/fasterxml/jackson/core/jackson-annotations/2.17.2/jackson-annotations-2.17.2.jar:/home/marc/.m2/repository/org/yaml/snakeyaml/2.2/snakeyaml-2.2.jar:/home/marc/.m2/repository/org/flywaydb/flyway-core/10.20.1/flyway-core-10.20.1.jar:/home/marc/.m2/repository/com/fasterxml/jackson/dataformat/jackson-dataformat-toml/2.17.2/jackson-dataformat-toml-2.17.2.jar:/home/marc/.m2/repository/com/fasterxml/jackson/datatype/jackson-datatype-jsr310/2.17.2/jackson-datatype-jsr310-2.17.2.jar:/home/marc/.m2/repository/org/keycloak/keycloak-admin-client/25.0.3/keycloak-admin-client-25.0.3.jar:/home/marc/.m2/repository/org/keycloak/keycloak-core/25.0.3/keycloak-core-25.0.3.jar:/home/marc/.m2/repository/org/keycloak/keycloak-common/25.0.3/keycloak-common-25.0.3.jar:/home/marc/.m2/repository/org/jboss/resteasy/resteasy-client/6.2.4.Final/resteasy-client-6.2.4.Final.jar:/home/marc/.m2/repository/org/jboss/resteasy/resteasy-client-api/6.2.4.Final/resteasy-client-api-6.2.4.Final.jar:/home/marc/.m2/repository/org/jboss/resteasy/resteasy-core-spi/6.2.4.Final/resteasy-core-spi-6.2.4.Final.jar:/home/marc/.m2/repository/jakarta/validation/jakarta.validation-api/3.0.2/jakarta.validation-api-3.0.2.jar:/home/marc/.m2/repository/org/jboss/resteasy/resteasy-core/6.2.4.Final/resteasy-core-6.2.4.Final.jar:/home/marc/.m2/repository/org/jboss/jandex/2.4.3.Final/jandex-2.4.3.Final.jar:/home/marc/.m2/repository/org/eclipse/angus/angus-activation/2.0.2/angus-activation-2.0.2.jar:/home/marc/.m2/repository/com/ibm/async/asyncutil/0.1.0/asyncutil-0.1.0.jar:/home/marc/.m2/repository/jakarta/ws/rs/jakarta.ws.rs-api/3.1.0/jakarta.ws.rs-api-3.1.0.jar:/home/marc/.m2/repository/org/reactivestreams/reactive-streams/1.0.4/reactive-streams-1.0.4.jar:/home/marc/.m2/repository/org/jboss/resteasy/resteasy-multipart-provider/6.2.4.Final/resteasy-multipart-provider-6.2.4.Final.jar:/home/marc/.m2/repository/jakarta/mail/jakarta.mail-api/2.1.3/jakarta.mail-api-2.1.3.jar:/home/marc/.m2/repository/org/eclipse/angus/angus-mail/2.0.3/angus-mail-2.0.3.jar:/home/marc/.m2/repository/org/apache/james/apache-mime4j-dom/0.8.9/apache-mime4j-dom-0.8.9.jar:/home/marc/.m2/repository/org/apache/james/apache-mime4j-core/0.8.9/apache-mime4j-core-0.8.9.jar:/home/marc/.m2/repository/org/apache/james/apache-mime4j-storage/0.8.9/apache-mime4j-storage-0.8.9.jar:/home/marc/.m2/repository/commons-io/commons-io/2.11.0/commons-io-2.11.0.jar:/home/marc/.m2/repository/org/jboss/resteasy/resteasy-jackson2-provider/6.2.4.Final/resteasy-jackson2-provider-6.2.4.Final.jar:/home/marc/.m2/repository/com/fasterxml/jackson/jakarta/rs/jackson-jakarta-rs-base/2.17.2/jackson-jakarta-rs-base-2.17.2.jar:/home/marc/.m2/repository/com/fasterxml/jackson/jakarta/rs/jackson-jakarta-rs-json-provider/2.17.2/jackson-jakarta-rs-json-provider-2.17.2.jar:/home/marc/.m2/repository/com/fasterxml/jackson/module/jackson-module-jakarta-xmlbind-annotations/2.17.2/jackson-module-jakarta-xmlbind-annotations-2.17.2.jar:/home/marc/.m2/repository/com/github/java-json-tools/json-patch/1.13/json-patch-1.13.jar:/home/marc/.m2/repository/com/github/java-json-tools/msg-simple/1.2/msg-simple-1.2.jar:/home/marc/.m2/repository/com/github/java-json-tools/btf/1.3/btf-1.3.jar:/home/marc/.m2/repository/com/github/java-json-tools/jackson-coreutils/2.0/jackson-coreutils-2.0.jar:/home/marc/.m2/repository/org/jboss/resteasy/resteasy-jaxb-provider/6.2.4.Final/resteasy-jaxb-provider-6.2.4.Final.jar:/home/marc/.m2/repository/org/glassfish/jaxb/codemodel/4.0.5/codemodel-4.0.5.jar:/home/marc/.m2/repository/org/glassfish/jaxb/jaxb-core/4.0.5/jaxb-core-4.0.5.jar:/home/marc/.m2/repository/org/glassfish/jaxb/jaxb-jxc/4.0.5/jaxb-jxc-4.0.5.jar:/home/marc/.m2/repository/org/glassfish/jaxb/txw2/4.0.5/txw2-4.0.5.jar:/home/marc/.m2/repository/org/glassfish/jaxb/jaxb-xjc/4.0.5/jaxb-xjc-4.0.5.jar:/home/marc/.m2/repository/org/glassfish/jaxb/xsom/4.0.5/xsom-4.0.5.jar:/home/marc/.m2/repository/com/sun/istack/istack-commons-runtime/4.1.2/istack-commons-runtime-4.1.2.jar:/home/marc/.m2/repository/com/sun/istack/istack-commons-tools/4.1.2/istack-commons-tools-4.1.2.jar:/home/marc/.m2/repository/com/sun/xml/bind/external/relaxng-datatype/4.0.2/relaxng-datatype-4.0.2.jar:/home/marc/.m2/repository/com/sun/xml/bind/external/rngom/4.0.2/rngom-4.0.2.jar:/home/marc/.m2/repository/org/keycloak/keycloak-spring-boot-starter/25.0.3/keycloak-spring-boot-starter-25.0.3.jar:/home/marc/.m2/repository/org/keycloak/keycloak-spring-boot-2-adapter/25.0.3/keycloak-spring-boot-2-adapter-25.0.3.jar:/home/marc/.m2/repository/org/keycloak/keycloak-spring-boot-adapter-core/25.0.3/keycloak-spring-boot-adapter-core-25.0.3.jar:/home/marc/.m2/repository/org/keycloak/keycloak-authz-client/25.0.3/keycloak-authz-client-25.0.3.jar:/home/marc/.m2/repository/org/keycloak/spring-boot-container-bundle/25.0.3/spring-boot-container-bundle-25.0.3.jar:/home/marc/.m2/repository/org/keycloak/keycloak-adapter-core/25.0.3/keycloak-adapter-core-25.0.3.jar:/home/marc/.m2/repository/org/keycloak/keycloak-crypto-default/25.0.3/keycloak-crypto-default-25.0.3.jar:/home/marc/.m2/repository/org/keycloak/keycloak-server-spi/25.0.3/keycloak-server-spi-25.0.3.jar:/home/marc/.m2/repository/org/keycloak/keycloak-server-spi-private/25.0.3/keycloak-server-spi-private-25.0.3.jar:/home/marc/.m2/repository/org/bouncycastle/bcpkix-jdk18on/1.74/bcpkix-jdk18on-1.74.jar:/home/marc/.m2/repository/org/bouncycastle/bcutil-jdk18on/1.74/bcutil-jdk18on-1.74.jar:/home/marc/.m2/repository/org/keycloak/keycloak-spring-security-adapter/25.0.3/keycloak-spring-security-adapter-25.0.3.jar:/home/marc/.m2/repository/org/keycloak/keycloak-adapter-spi/25.0.3/keycloak-adapter-spi-25.0.3.jar:/home/marc/.m2/repository/org/keycloak/keycloak-policy-enforcer/25.0.3/keycloak-policy-enforcer-25.0.3.jar:/home/marc/.m2/repository/org/bouncycastle/bcprov-jdk18on/1.74/bcprov-jdk18on-1.74.jar:/home/marc/.m2/repository/org/junit/jupiter/junit-jupiter-api/5.10.1/junit-jupiter-api-5.10.1.jar:/home/marc/.m2/repository/org/opentest4j/opentest4j/1.3.0/opentest4j-1.3.0.jar:/home/marc/.m2/repository/org/junit/platform/junit-platform-commons/1.11.0/junit-platform-commons-1.11.0.jar:/home/marc/.m2/repository/org/apiguardian/apiguardian-api/1.1.2/apiguardian-api-1.1.2.jar:/home/marc/.m2/repository/org/junit/jupiter/junit-jupiter-params/5.11.0/junit-jupiter-params-5.11.0.jar:/home/marc/.m2/repository/org/postgresql/postgresql/42.7.4/postgresql-42.7.4.jar:/home/marc/.m2/repository/org/flywaydb/flyway-database-postgresql/10.20.1/flyway-database-postgresql-10.20.1.jar:/home/marc/.m2/repository/org/projectlombok/lombok/1.18.30/lombok-1.18.30.jar:"/>
    <property name="java.vm.vendor" value="Ubuntu"/>
    <property name="sun.arch.data.model" value="64"/>
    <property name="java.vendor.url" value="https://ubuntu.com/"/>
    <property name="os.name" value="Linux"/>
    <property name="java.vm.specification.version" value="17"/>
    <property name="sun.java.launcher" value="SUN_STANDARD"/>
    <property name="user.country" value="US"/>
    <property name="sun.boot.library.path" value="/usr/lib/jvm/java-17-openjdk-amd64/lib"/>
    <property name="sun.java.command" value="/mnt/ExtraDrive/repos/Sentrius/analyagents/target/surefire/surefirebooter8138799955672770835.jar /mnt/ExtraDrive/repos/Sentrius/analyagents/target/surefire 2024-12-24T06-29-57_783-jvmRun1 surefire8457836057122638292tmp surefire_212820715209138908574tmp"/>
    <property name="jdk.debug" value="release"/>
    <property name="surefire.test.class.path" value="/mnt/ExtraDrive/repos/Sentrius/analyagents/target/test-classes:/mnt/ExtraDrive/repos/Sentrius/analyagents/target/classes:/mnt/ExtraDrive/repos/Sentrius/core/target/sentrius-core-1.0.0-SNAPSHOT.jar:/home/marc/.m2/repository/org/apache/commons/commons-lang3/3.14.0/commons-lang3-3.14.0.jar:/home/marc/.m2/repository/commons-codec/commons-codec/1.17.1/commons-codec-1.17.1.jar:/home/marc/.m2/repository/com/google/guava/guava/33.3.1-jre/guava-33.3.1-jre.jar:/home/marc/.m2/repository/com/google/guava/failureaccess/1.0.2/failureaccess-1.0.2.jar:/home/marc/.m2/repository/com/google/guava/listenablefuture/9999.0-empty-to-avoid-conflict-with-guava/listenablefuture-9999.0-empty-to-avoid-conflict-with-guava.jar:/home/marc/.m2/repository/com/google/code/findbugs/jsr305/3.0.2/jsr305-3.0.2.jar:/home/marc/.m2/repository/org/checkerframework/checker-qual/3.43.0/checker-qual-3.43.0.jar:/home/marc/.m2/repository/com/google/errorprone/error_prone_annotations/2.28.0/error_prone_annotations-2.28.0.jar:/home/marc/.m2/repository/com/google/j2objc/j2objc-annotations/3.0.0/j2objc-annotations-3.0.0.jar:/home/marc/.m2/repository/jakarta/persistence/jakarta.persistence-api/3.1.0/jakarta.persistence-api-3.1.0.jar:/home/marc/.m2/repository/org/springframework/boot/spring-boot-starter-data-jpa/3.3.5/spring-boot-starter-data-jpa-3.3.5.jar:/home/marc/.m2/repository/org/springframework/boot/spring-boot-starter-aop/3.3.5/spring-boot-starter-aop-3.3.5.jar:/home/marc/.m2/repository/org/aspectj/aspectjweaver/1.9.22.1/aspectjweaver-1.9.22.1.jar:/home/marc/.m2/repository/org/springframework/boot/spring-boot-starter-jdbc/3.3.5/spring-boot-starter-jdbc-3.3.5.jar:/home/marc/.m2/repository/com/zaxxer/HikariCP/5.1.0/HikariCP-5.1.0.jar:/home/marc/.m2/repository/org/springframework/spring-jdbc/6.1.14/spring-jdbc-6.1.14.jar:/home/marc/.m2/repository/org/hibernate/orm/hibernate-core/6.5.3.Final/hibernate-core-6.5.3.Final.jar:/home/marc/.m2/repository/jakarta/transaction/jakarta.transaction-api/2.0.1/jakarta.transaction-api-2.0.1.jar:/home/marc/.m2/repository/org/jboss/logging/jboss-logging/3.5.3.Final/jboss-logging-3.5.3.Final.jar:/home/marc/.m2/repository/org/hibernate/common/hibernate-commons-annotations/6.0.6.Final/hibernate-commons-annotations-6.0.6.Final.jar:/home/marc/.m2/repository/io/smallrye/jandex/3.1.2/jandex-3.1.2.jar:/home/marc/.m2/repository/com/fasterxml/classmate/1.7.0/classmate-1.7.0.jar:/home/marc/.m2/repository/net/bytebuddy/byte-buddy/1.14.19/byte-buddy-1.14.19.jar:/home/marc/.m2/repository/org/glassfish/jaxb/jaxb-runtime/4.0.5/jaxb-runtime-4.0.5.jar:/home/marc/.m2/repository/jakarta/inject/jakarta.inject-api/2.0.1/jakarta.inject-api-2.0.1.jar:/home/marc/.m2/repository/org/antlr/antlr4-runtime/4.13.0/antlr4-runtime-4.13.0.jar:/home/marc/.m2/repository/org/springframework/data/spring-data-jpa/3.3.5/spring-data-jpa-3.3.5.jar:/home/marc/.m2/repository/org/springframework/data/spring-data-commons/3.3.5/spring-data-commons-3.3.5.jar:/home/marc/.m2/repository/org/springframework/spring-orm/6.1.14/spring-orm-6.1.14.jar:/home/marc/.m2/repository/org/springframework/spring-context/6.1.14/spring-context-6.1.14.jar:/home/marc/.m2/repository/org/springframework/spring-tx/6.1.14/spring-tx-6.1.14.jar:/home/marc/.m2/repository/org/springframework/spring-beans/6.1.14/spring-beans-6.1.14.jar:/home/marc/.m2/repository/org/springframework/spring-core/6.1.14/spring-core-6.1.14.jar:/home/marc/.m2/repository/org/springframework/spring-jcl/6.1.14/spring-jcl-6.1.14.jar:/home/marc/.m2/repository/jakarta/annotation/jakarta.annotation-api/2.1.1/jakarta.annotation-api-2.1.1.jar:/home/marc/.m2/repository/org/springframework/spring-aspects/6.1.14/spring-aspects-6.1.14.jar:/home/marc/.m2/repository/org/springframework/boot/spring-boot-starter-web/3.3.5/spring-boot-starter-web-3.3.5.jar:/home/marc/.m2/repository/org/springframework/boot/spring-boot-starter/3.3.5/spring-boot-starter-3.3.5.jar:/home/marc/.m2/repository/org/springframework/boot/spring-boot/3.3.5/spring-boot-3.3.5.jar:/home/marc/.m2/repository/org/springframework/boot/spring-boot-autoconfigure/3.3.5/spring-boot-autoconfigure-3.3.5.jar:/home/marc/.m2/repository/org/springframework/boot/spring-boot-starter-logging/3.3.5/spring-boot-starter-logging-3.3.5.jar:/home/marc/.m2/repository/ch/qos/logback/logback-classic/1.5.11/logback-classic-1.5.11.jar:/home/marc/.m2/repository/ch/qos/logback/logback-core/1.5.11/logback-core-1.5.11.jar:/home/marc/.m2/repository/org/apache/logging/log4j/log4j-to-slf4j/2.23.1/log4j-to-slf4j-2.23.1.jar:/home/marc/.m2/repository/org/apache/logging/log4j/log4j-api/2.23.1/log4j-api-2.23.1.jar:/home/marc/.m2/repository/org/slf4j/jul-to-slf4j/2.0.16/jul-to-slf4j-2.0.16.jar:/home/marc/.m2/repository/org/springframework/boot/spring-boot-starter-json/3.3.5/spring-boot-starter-json-3.3.5.jar:/home/marc/.m2/repository/com/fasterxml/jackson/datatype/jackson-datatype-jdk8/2.17.2/jackson-datatype-jdk8-2.17.2.jar:/home/marc/.m2/repository/com/fasterxml/jackson/module/jackson-module-parameter-names/2.17.2/jackson-module-parameter-names-2.17.2.jar:/home/marc/.m2/repository/org/springframework/boot/spring-boot-starter-tomcat/3.3.5/spring-boot-starter-tomcat-3.3.5.jar:/home/marc/.m2/repository/org/apache/tomcat/embed/tomcat-embed-core/10.1.31/tomcat-embed-core-10.1.31.jar:/home/marc/.m2/repository/org/apache/tomcat/embed/tomcat-embed-el/10.1.31/tomcat-embed-el-10.1.31.jar:/home/marc/.m2/repository/org/apache/tomcat/embed/tomcat-embed-websocket/10.1.31/tomcat-embed-websocket-10.1.31.jar:/home/marc/.m2/repository/org/springframework/spring-web/6.1.14/spring-web-6.1.14.jar:/home/marc/.m2/repository/org/springframework/spring-webmvc/6.1.14/spring-webmvc-6.1.14.jar:/home/marc/.m2/repository/org/springframework/spring-expression/6.1.14/spring-expression-6.1.14.jar:/home/marc/.m2/repository/org/springframework/boot/spring-boot-starter-actuator/3.3.5/spring-boot-starter-actuator-3.3.5.jar:/home/marc/.m2/repository/org/springframework/boot/spring-boot-actuator-autoconfigure/3.3.5/spring-boot-actuator-autoconfigure-3.3.5.jar:/home/marc/.m2/repository/org/springframework/boot/spring-boot-actuator/3.3.5/spring-boot-actuator-3.3.5.jar:/home/marc/.m2/repository/io/micrometer/micrometer-observation/1.13.6/micrometer-observation-1.13.6.jar:/home/marc/.m2/repository/io/micrometer/micrometer-commons/1.13.6/micrometer-commons-1.13.6.jar:/home/marc/.m2/repository/io/micrometer/micrometer-jakarta9/1.13.6/micrometer-jakarta9-1.13.6.jar:/home/marc/.m2/repository/io/micrometer/micrometer-core/1.13.6/micrometer-core-1.13.6.jar:/home/marc/.m2/repository/org/hdrhistogram/HdrHistogram/2.2.2/HdrHistogram-2.2.2.jar:/home/marc/.m2/repository/org/latencyutils/LatencyUtils/2.0.3/LatencyUtils-2.0.3.jar:/home/marc/.m2/repository/org/springframework/boot/spring-boot-starter-security/3.3.5/spring-boot-starter-security-3.3.5.jar:/home/marc/.m2/repository/org/springframework/spring-aop/6.1.14/spring-aop-6.1.14.jar:/home/marc/.m2/repository/org/springframework/security/spring-security-config/6.3.4/spring-security-config-6.3.4.jar:/home/marc/.m2/repository/org/springframework/security/spring-security-web/6.3.4/spring-security-web-6.3.4.jar:/home/marc/.m2/repository/org/springframework/boot/spring-boot-starter-websocket/3.3.5/spring-boot-starter-websocket-3.3.5.jar:/home/marc/.m2/repository/org/springframework/spring-messaging/6.1.14/spring-messaging-6.1.14.jar:/home/marc/.m2/repository/org/springframework/spring-websocket/6.1.14/spring-websocket-6.1.14.jar:/home/marc/.m2/repository/org/springframework/boot/spring-boot-starter-oauth2-resource-server/3.3.5/spring-boot-starter-oauth2-resource-server-3.3.5.jar:/home/marc/.m2/repository/org/springframework/security/spring-security-core/6.3.4/spring-security-core-6.3.4.jar:/home/marc/.m2/repository/org/springframework/security/spring-security-crypto/6.3.4/spring-security-crypto-6.3.4.jar:/home/marc/.m2/repository/org/springframework/security/spring-security-oauth2-resource-server/6.3.4/spring-security-oauth2-resource-server-6.3.4.jar:/home/marc/.m2/repository/org/springframework/security/spring-security-oauth2-core/6.3.4/spring-security-oauth2-core-6.3.4.jar:/home/marc/.m2/repository/org/springframework/security/spring-security-oauth2-jose/6.3.4/spring-security-oauth2-jose-6.3.4.jar:/home/marc/.m2/repository/com/nimbusds/nimbus-jose-jwt/9.37.3/nimbus-jose-jwt-9.37.3.jar:/home/marc/.m2/repository/com/github/stephenc/jcip/jcip-annotations/1.0-1/jcip-annotations-1.0-1.jar:/home/marc/.m2/repository/org/springframework/boot/spring-boot-starter-oauth2-client/3.3.5/spring-boot-starter-oauth2-client-3.3.5.jar:/home/marc/.m2/repository/org/springframework/security/spring-security-oauth2-client/6.3.4/spring-security-oauth2-client-6.3.4.jar:/home/marc/.m2/repository/com/nimbusds/oauth2-oidc-sdk/9.43.4/oauth2-oidc-sdk-9.43.4.jar:/home/marc/.m2/repository/com/nimbusds/content-type/2.2/content-type-2.2.jar:/home/marc/.m2/repository/net/minidev/json-smart/2.5.1/json-smart-2.5.1.jar:/home/marc/.m2/repository/net/minidev/accessors-smart/2.5.1/accessors-smart-2.5.1.jar:/home/marc/.m2/repository/org/ow2/asm/asm/9.6/asm-9.6.jar:/home/marc/.m2/repository/com/nimbusds/lang-tag/1.7/lang-tag-1.7.jar:/home/marc/.m2/repository/org/springframework/boot/spring-boot-starter-thymeleaf/3.3.5/spring-boot-starter-thymeleaf-3.3.5.jar:/home/marc/.m2/repository/org/thymeleaf/thymeleaf-spring6/3.1.2.RELEASE/thymeleaf-spring6-3.1.2.RELEASE.jar:/home/marc/.m2/repository/org/thymeleaf/thymeleaf/3.1.2.RELEASE/thymeleaf-3.1.2.RELEASE.jar:/home/marc/.m2/repository/org/attoparser/attoparser/2.0.7.RELEASE/attoparser-2.0.7.RELEASE.jar:/home/marc/.m2/repository/org/unbescape/unbescape/1.1.6.RELEASE/unbescape-1.1.6.RELEASE.jar:/home/marc/.m2/repository/io/jsonwebtoken/jjwt-api/0.12.6/jjwt-api-0.12.6.jar:/home/marc/.m2/repository/org/apache/commons/commons-collections4/4.4/commons-collections4-4.4.jar:/home/marc/.m2/repository/com/github/mwiede/jsch/0.2.21/jsch-0.2.21.jar:/home/marc/.m2/repository/org/quartz-scheduler/quartz/2.5.0-rc1/quartz-2.5.0-rc1.jar:/home/marc/.m2/repository/org/slf4j/slf4j-api/2.0.16/slf4j-api-2.0.16.jar:/home/marc/.m2/repository/jakarta/xml/bind/jakarta.xml.bind-api/4.0.2/jakarta.xml.bind-api-4.0.2.jar:/home/marc/.m2/repository/jakarta/activation/jakarta.activation-api/2.1.3/jakarta.activation-api-2.1.3.jar:/home/marc/.m2/repository/com/google/protobuf/protobuf-java/3.21.1/protobuf-java-3.21.1.jar:/home/marc/.m2/repository/com/squareup/okhttp3/okhttp/4.10.0/okhttp-4.10.0.jar:/home/marc/.m2/repository/com/squareup/okio/okio-jvm/3.0.0/okio-jvm-3.0.0.jar:/home/marc/.m2/repository/org/jetbrains/kotlin/kotlin-stdlib-jdk8/1.9.25/kotlin-stdlib-jdk8-1.9.25.jar:/home/marc/.m2/repository/org/jetbrains/kotlin/kotlin-stdlib-jdk7/1.9.25/kotlin-stdlib-jdk7-1.9.25.jar:/home/marc/.m2/repository/org/jetbrains/kotlin/kotlin-stdlib-common/1.9.25/kotlin-stdlib-common-1.9.25.jar:/home/marc/.m2/repository/org/jetbrains/kotlin/kotlin-stdlib/1.9.25/kotlin-stdlib-1.9.25.jar:/home/marc/.m2/repository/org/jetbrains/annotations/13.0/annotations-13.0.jar:/home/marc/.m2/repository/org/apache/httpcomponents/httpclient/4.5.14/httpclient-4.5.14.jar:/home/marc/.m2/repository/org/apache/httpcomponents/httpcore/4.4.16/httpcore-4.4.16.jar:/home/marc/.m2/repository/commons-logging/commons-logging/1.2/commons-logging-1.2.jar:/home/marc/.m2/repository/com/fasterxml/jackson/core/jackson-core/2.18.2/jackson-core-2.18.2.jar:/home/marc/.m2/repository/com/fasterxml/jackson/dataformat/jackson-dataformat-yaml/2.18.2/jackson-dataformat-yaml-2.18.2.jar:/home/marc/.m2/repository/com/fasterxml/jackson/core/jackson-databind/2.17.2/jackson-databind-2.17.2.jar:/home/marc/.m2/repository/com/fasterxml/jackson/core/jackson-annotations/2.17.2/jackson-annotations-2.17.2.jar:/home/marc/.m2/repository/org/yaml/snakeyaml/2.2/snakeyaml-2.2.jar:/home/marc/.m2/repository/org/flywaydb/flyway-core/10.20.1/flyway-core-10.20.1.jar:/home/marc/.m2/repository/com/fasterxml/jackson/dataformat/jackson-dataformat-toml/2.17.2/jackson-dataformat-toml-2.17.2.jar:/home/marc/.m2/repository/com/fasterxml/jackson/datatype/jackson-datatype-jsr310/2.17.2/jackson-datatype-jsr310-2.17.2.jar:/home/marc/.m2/repository/org/keycloak/keycloak-admin-client/25.0.3/keycloak-admin-client-25.0.3.jar:/home/marc/.m2/repository/org/keycloak/keycloak-core/25.0.3/keycloak-core-25.0.3.jar:/home/marc/.m2/repository/org/keycloak/keycloak-common/25.0.3/keycloak-common-25.0.3.jar:/home/marc/.m2/repository/org/jboss/resteasy/resteasy-client/6.2.4.Final/resteasy-client-6.2.4.Final.jar:/home/marc/.m2/repository/org/jboss/resteasy/resteasy-client-api/6.2.4.Final/resteasy-client-api-6.2.4.Final.jar:/home/marc/.m2/repository/org/jboss/resteasy/resteasy-core-spi/6.2.4.Final/resteasy-core-spi-6.2.4.Final.jar:/home/marc/.m2/repository/jakarta/validation/jakarta.validation-api/3.0.2/jakarta.validation-api-3.0.2.jar:/home/marc/.m2/repository/org/jboss/resteasy/resteasy-core/6.2.4.Final/resteasy-core-6.2.4.Final.jar:/home/marc/.m2/repository/org/jboss/jandex/2.4.3.Final/jandex-2.4.3.Final.jar:/home/marc/.m2/repository/org/eclipse/angus/angus-activation/2.0.2/angus-activation-2.0.2.jar:/home/marc/.m2/repository/com/ibm/async/asyncutil/0.1.0/asyncutil-0.1.0.jar:/home/marc/.m2/repository/jakarta/ws/rs/jakarta.ws.rs-api/3.1.0/jakarta.ws.rs-api-3.1.0.jar:/home/marc/.m2/repository/org/reactivestreams/reactive-streams/1.0.4/reactive-streams-1.0.4.jar:/home/marc/.m2/repository/org/jboss/resteasy/resteasy-multipart-provider/6.2.4.Final/resteasy-multipart-provider-6.2.4.Final.jar:/home/marc/.m2/repository/jakarta/mail/jakarta.mail-api/2.1.3/jakarta.mail-api-2.1.3.jar:/home/marc/.m2/repository/org/eclipse/angus/angus-mail/2.0.3/angus-mail-2.0.3.jar:/home/marc/.m2/repository/org/apache/james/apache-mime4j-dom/0.8.9/apache-mime4j-dom-0.8.9.jar:/home/marc/.m2/repository/org/apache/james/apache-mime4j-core/0.8.9/apache-mime4j-core-0.8.9.jar:/home/marc/.m2/repository/org/apache/james/apache-mime4j-storage/0.8.9/apache-mime4j-storage-0.8.9.jar:/home/marc/.m2/repository/commons-io/commons-io/2.11.0/commons-io-2.11.0.jar:/home/marc/.m2/repository/org/jboss/resteasy/resteasy-jackson2-provider/6.2.4.Final/resteasy-jackson2-provider-6.2.4.Final.jar:/home/marc/.m2/repository/com/fasterxml/jackson/jakarta/rs/jackson-jakarta-rs-base/2.17.2/jackson-jakarta-rs-base-2.17.2.jar:/home/marc/.m2/repository/com/fasterxml/jackson/jakarta/rs/jackson-jakarta-rs-json-provider/2.17.2/jackson-jakarta-rs-json-provider-2.17.2.jar:/home/marc/.m2/repository/com/fasterxml/jackson/module/jackson-module-jakarta-xmlbind-annotations/2.17.2/jackson-module-jakarta-xmlbind-annotations-2.17.2.jar:/home/marc/.m2/repository/com/github/java-json-tools/json-patch/1.13/json-patch-1.13.jar:/home/marc/.m2/repository/com/github/java-json-tools/msg-simple/1.2/msg-simple-1.2.jar:/home/marc/.m2/repository/com/github/java-json-tools/btf/1.3/btf-1.3.jar:/home/marc/.m2/repository/com/github/java-json-tools/jackson-coreutils/2.0/jackson-coreutils-2.0.jar:/home/marc/.m2/repository/org/jboss/resteasy/resteasy-jaxb-provider/6.2.4.Final/resteasy-jaxb-provider-6.2.4.Final.jar:/home/marc/.m2/repository/org/glassfish/jaxb/codemodel/4.0.5/codemodel-4.0.5.jar:/home/marc/.m2/repository/org/glassfish/jaxb/jaxb-core/4.0.5/jaxb-core-4.0.5.jar:/home/marc/.m2/repository/org/glassfish/jaxb/jaxb-jxc/4.0.5/jaxb-jxc-4.0.5.jar:/home/marc/.m2/repository/org/glassfish/jaxb/txw2/4.0.5/txw2-4.0.5.jar:/home/marc/.m2/repository/org/glassfish/jaxb/jaxb-xjc/4.0.5/jaxb-xjc-4.0.5.jar:/home/marc/.m2/repository/org/glassfish/jaxb/xsom/4.0.5/xsom-4.0.5.jar:/home/marc/.m2/repository/com/sun/istack/istack-commons-runtime/4.1.2/istack-commons-runtime-4.1.2.jar:/home/marc/.m2/repository/com/sun/istack/istack-commons-tools/4.1.2/istack-commons-tools-4.1.2.jar:/home/marc/.m2/repository/com/sun/xml/bind/external/relaxng-datatype/4.0.2/relaxng-datatype-4.0.2.jar:/home/marc/.m2/repository/com/sun/xml/bind/external/rngom/4.0.2/rngom-4.0.2.jar:/home/marc/.m2/repository/org/keycloak/keycloak-spring-boot-starter/25.0.3/keycloak-spring-boot-starter-25.0.3.jar:/home/marc/.m2/repository/org/keycloak/keycloak-spring-boot-2-adapter/25.0.3/keycloak-spring-boot-2-adapter-25.0.3.jar:/home/marc/.m2/repository/org/keycloak/keycloak-spring-boot-adapter-core/25.0.3/keycloak-spring-boot-adapter-core-25.0.3.jar:/home/marc/.m2/repository/org/keycloak/keycloak-authz-client/25.0.3/keycloak-authz-client-25.0.3.jar:/home/marc/.m2/repository/org/keycloak/spring-boot-container-bundle/25.0.3/spring-boot-container-bundle-25.0.3.jar:/home/marc/.m2/repository/org/keycloak/keycloak-adapter-core/25.0.3/keycloak-adapter-core-25.0.3.jar:/home/marc/.m2/repository/org/keycloak/keycloak-crypto-default/25.0.3/keycloak-crypto-default-25.0.3.jar:/home/marc/.m2/repository/org/keycloak/keycloak-server-spi/25.0.3/keycloak-server-spi-25.0.3.jar:/home/marc/.m2/repository/org/keycloak/keycloak-server-spi-private/25.0.3/keycloak-server-spi-private-25.0.3.jar:/home/marc/.m2/repository/org/bouncycastle/bcpkix-jdk18on/1.74/bcpkix-jdk18on-1.74.jar:/home/marc/.m2/repository/org/bouncycastle/bcutil-jdk18on/1.74/bcutil-jdk18on-1.74.jar:/home/marc/.m2/repository/org/keycloak/keycloak-spring-security-adapter/25.0.3/keycloak-spring-security-adapter-25.0.3.jar:/home/marc/.m2/repository/org/keycloak/keycloak-adapter-spi/25.0.3/keycloak-adapter-spi-25.0.3.jar:/home/marc/.m2/repository/org/keycloak/keycloak-policy-enforcer/25.0.3/keycloak-policy-enforcer-25.0.3.jar:/home/marc/.m2/repository/org/bouncycastle/bcprov-jdk18on/1.74/bcprov-jdk18on-1.74.jar:/home/marc/.m2/repository/org/junit/jupiter/junit-jupiter-api/5.10.1/junit-jupiter-api-5.10.1.jar:/home/marc/.m2/repository/org/opentest4j/opentest4j/1.3.0/opentest4j-1.3.0.jar:/home/marc/.m2/repository/org/junit/platform/junit-platform-commons/1.11.0/junit-platform-commons-1.11.0.jar:/home/marc/.m2/repository/org/apiguardian/apiguardian-api/1.1.2/apiguardian-api-1.1.2.jar:/home/marc/.m2/repository/org/junit/jupiter/junit-jupiter-params/5.11.0/junit-jupiter-params-5.11.0.jar:/home/marc/.m2/repository/org/postgresql/postgresql/42.7.4/postgresql-42.7.4.jar:/home/marc/.m2/repository/org/flywaydb/flyway-database-postgresql/10.20.1/flyway-database-postgresql-10.20.1.jar:/home/marc/.m2/repository/org/projectlombok/lombok/1.18.30/lombok-1.18.30.jar:"/>
    <property name="sun.cpu.endian" value="little"/>
    <property name="user.home" value="/home/marc"/>
    <property name="user.language" value="en"/>
    <property name="java.specification.vendor" value="Oracle Corporation"/>
    <property name="java.version.date" value="2024-07-16"/>
    <property name="java.home" value="/usr/lib/jvm/java-17-openjdk-amd64"/>
    <property name="file.separator" value="/"/>
    <property name="basedir" value="/mnt/ExtraDrive/repos/Sentrius/analyagents"/>
    <property name="java.vm.compressedOopsMode" value="Zero based"/>
    <property name="line.separator" value="&#10;"/>
    <property name="java.vm.specification.vendor" value="Oracle Corporation"/>
    <property name="java.specification.name" value="Java Platform API Specification"/>
    <property name="surefire.real.class.path" value="/mnt/ExtraDrive/repos/Sentrius/analyagents/target/surefire/surefirebooter8138799955672770835.jar"/>
    <property name="sun.management.compiler" value="HotSpot 64-Bit Tiered Compilers"/>
    <property name="java.runtime.version" value="17.0.12+7-Ubuntu-1ubuntu222.04"/>
    <property name="user.name" value="marc"/>
    <property name="path.separator" value=":"/>
    <property name="os.version" value="6.9.3-76060903-generic"/>
    <property name="java.runtime.name" value="OpenJDK Runtime Environment"/>
    <property name="file.encoding" value="UTF-8"/>
    <property name="java.vm.name" value="OpenJDK 64-Bit Server VM"/>
    <property name="localRepository" value="/home/marc/.m2/repository"/>
    <property name="java.vendor.url.bug" value="https://bugs.launchpad.net/ubuntu/+source/openjdk-17"/>
    <property name="java.io.tmpdir" value="/tmp"/>
    <property name="java.version" value="17.0.12"/>
    <property name="user.dir" value="/mnt/ExtraDrive/repos/Sentrius/analyagents"/>
    <property name="os.arch" value="amd64"/>
    <property name="java.vm.specification.name" value="Java Virtual Machine Specification"/>
    <property name="native.encoding" value="UTF-8"/>
    <property name="java.library.path" value="/usr/java/packages/lib:/usr/lib/x86_64-linux-gnu/jni:/lib/x86_64-linux-gnu:/usr/lib/x86_64-linux-gnu:/usr/lib/jni:/lib:/usr/lib"/>
    <property name="java.vm.info" value="mixed mode, sharing"/>
    <property name="java.vendor" value="Ubuntu"/>
    <property name="java.vm.version" value="17.0.12+7-Ubuntu-1ubuntu222.04"/>
    <property name="sun.io.unicode.encoding" value="UnicodeLittle"/>
    <property name="java.class.version" value="61.0"/>
  </properties>
</testsuite>